<?xml version="1.0" encoding="UTF-8"?>
<!-- Generated by org.testng.reporters.JUnitReportReporter -->
<testsuite hostname="Madinas-Air" name="com.sqa.ms.util.helpers.math.MultiplicationTests" tests="6" failures="0" timestamp="16 Apr 2016 17:01:31 GMT" time="0.085" errors="0">
  <testcase name="testMultiplication" time="0.009" classname="com.sqa.ms.util.helpers.math.MultiplicationTests"/>
  <testcase name="testMultiplication" time="0.006" classname="com.sqa.ms.util.helpers.math.MultiplicationTests"/>
  <testcase name="testMultiplication" time="0.007" classname="com.sqa.ms.util.helpers.math.MultiplicationTests"/>
  <testcase name="testMultiplication" time="0.050" classname="com.sqa.ms.util.helpers.math.MultiplicationTests"/>
  <testcase name="testMultiplication" time="0.005" classname="com.sqa.ms.util.helpers.math.MultiplicationTests"/>
  <testcase name="testMultiplication" time="0.008" classname="com.sqa.ms.util.helpers.math.MultiplicationTests"/>
</testsuite> <!-- com.sqa.ms.util.helpers.math.MultiplicationTests -->
