<?xml version="1.0" encoding="UTF-8"?>
<!-- Generated by org.testng.reporters.JUnitReportReporter -->
<testsuite hostname="Madinas-Air" name="com.sqa.ms.util.helpers.BasicAutomationTest" tests="3" failures="0" timestamp="29 Apr 2016 02:23:14 GMT" time="6.569" errors="0">
  <testcase name="f" time="0.005" classname="com.sqa.ms.util.helpers.BasicAutomationTest"/>
  <testcase name="setUpTest" time="6.559" classname="com.sqa.ms.util.helpers.BasicAutomationTest"/>
  <testcase name="f" time="0.005" classname="com.sqa.ms.util.helpers.BasicAutomationTest"/>
</testsuite> <!-- com.sqa.ms.util.helpers.BasicAutomationTest -->
