<?xml version="1.0" encoding="UTF-8"?>
<!-- Generated by org.testng.reporters.JUnitReportReporter -->
<testsuite hostname="Madinas-Air" name="com.sqa.ms.BasicAutoTest" tests="3" failures="0" timestamp="30 Apr 2016 16:56:08 GMT" time="8.346" errors="0">
  <testcase name="test" time="0.012" classname="com.sqa.ms.BasicAutoTest"/>
  <testcase name="test" time="0.004" classname="com.sqa.ms.BasicAutoTest"/>
  <testcase name="testLogin" time="8.330" classname="com.sqa.ms.BasicAutoTest"/>
</testsuite> <!-- com.sqa.ms.BasicAutoTest -->
