<?xml version="1.0" encoding="UTF-8"?>
<!-- Generated by org.testng.reporters.JUnitReportReporter -->
<testsuite hostname="Madinas-Air" name="com.sqa.ms.BasicAutoTest" tests="3" failures="0" timestamp="22 Apr 2016 04:09:07 GMT" time="0.014" errors="0">
  <testcase name="test" time="0.004" classname="com.sqa.ms.BasicAutoTest"/>
  <testcase name="test" time="0.003" classname="com.sqa.ms.BasicAutoTest"/>
  <testcase name="test" time="0.007" classname="com.sqa.ms.BasicAutoTest"/>
</testsuite> <!-- com.sqa.ms.BasicAutoTest -->
