<?xml version="1.0" encoding="UTF-8"?>
<!-- Generated by org.testng.reporters.JUnitReportReporter -->
<testsuite hostname="Madinas-Air" name="com.sqa.ms.util.helpers.math.PowerTests" tests="9" failures="0" timestamp="15 Apr 2016 03:56:36 GMT" time="0.079" errors="0">
  <testcase name="powerNumber" time="0.002" classname="com.sqa.ms.util.helpers.math.PowerTests"/>
  <testcase name="powerNumber" time="0.006" classname="com.sqa.ms.util.helpers.math.PowerTests"/>
  <testcase name="powerNumber" time="0.002" classname="com.sqa.ms.util.helpers.math.PowerTests"/>
  <testcase name="divideNumbers" time="0.039" classname="com.sqa.ms.util.helpers.math.PowerTests"/>
  <testcase name="powerNumber" time="0.002" classname="com.sqa.ms.util.helpers.math.PowerTests"/>
  <testcase name="mulNumbersTest" time="0.017" classname="com.sqa.ms.util.helpers.math.PowerTests"/>
  <testcase name="hasCleanDivision" time="0.005" classname="com.sqa.ms.util.helpers.math.PowerTests"/>
  <testcase name="powerNumber" time="0.003" classname="com.sqa.ms.util.helpers.math.PowerTests"/>
  <testcase name="powerNumber" time="0.003" classname="com.sqa.ms.util.helpers.math.PowerTests"/>
</testsuite> <!-- com.sqa.ms.util.helpers.math.PowerTests -->
