<?xml version="1.0" encoding="UTF-8"?>
<!-- Generated by org.testng.reporters.JUnitReportReporter -->
<testsuite hostname="Madinas-Air" name="com.sqa.ms.util.helpers.math.PrimeTests" tests="30" failures="0" timestamp="16 Apr 2016 19:52:16 GMT" time="0.138" errors="0">
  <testcase name="testInstancePrime" time="0.004" classname="com.sqa.ms.util.helpers.math.PrimeTests"/>
  <testcase name="testInstancePrime" time="0.003" classname="com.sqa.ms.util.helpers.math.PrimeTests"/>
  <testcase name="testInstancePrime" time="0.003" classname="com.sqa.ms.util.helpers.math.PrimeTests"/>
  <testcase name="testInstancePrime" time="0.020" classname="com.sqa.ms.util.helpers.math.PrimeTests"/>
  <testcase name="testInstancePrime" time="0.002" classname="com.sqa.ms.util.helpers.math.PrimeTests"/>
  <testcase name="testInstancePrime" time="0.003" classname="com.sqa.ms.util.helpers.math.PrimeTests"/>
  <testcase name="testInstancePrime" time="0.002" classname="com.sqa.ms.util.helpers.math.PrimeTests"/>
  <testcase name="testInstancePrime" time="0.002" classname="com.sqa.ms.util.helpers.math.PrimeTests"/>
  <testcase name="testInstancePrime" time="0.004" classname="com.sqa.ms.util.helpers.math.PrimeTests"/>
  <testcase name="testStaticPrime" time="0.005" classname="com.sqa.ms.util.helpers.math.PrimeTests"/>
  <testcase name="testStaticPrime" time="0.006" classname="com.sqa.ms.util.helpers.math.PrimeTests"/>
  <testcase name="testInstancePrime" time="0.002" classname="com.sqa.ms.util.helpers.math.PrimeTests"/>
  <testcase name="testStaticPrime" time="0.004" classname="com.sqa.ms.util.helpers.math.PrimeTests"/>
  <testcase name="testInstancePrime" time="0.004" classname="com.sqa.ms.util.helpers.math.PrimeTests"/>
  <testcase name="testInstancePrime" time="0.004" classname="com.sqa.ms.util.helpers.math.PrimeTests"/>
  <testcase name="testStaticPrime" time="0.003" classname="com.sqa.ms.util.helpers.math.PrimeTests"/>
  <testcase name="testStaticPrime" time="0.005" classname="com.sqa.ms.util.helpers.math.PrimeTests"/>
  <testcase name="testStaticPrime" time="0.006" classname="com.sqa.ms.util.helpers.math.PrimeTests"/>
  <testcase name="testInstancePrime" time="0.003" classname="com.sqa.ms.util.helpers.math.PrimeTests"/>
  <testcase name="testStaticPrime" time="0.002" classname="com.sqa.ms.util.helpers.math.PrimeTests"/>
  <testcase name="testStaticPrime" time="0.002" classname="com.sqa.ms.util.helpers.math.PrimeTests"/>
  <testcase name="testInstancePrime" time="0.003" classname="com.sqa.ms.util.helpers.math.PrimeTests"/>
  <testcase name="testStaticPrime" time="0.012" classname="com.sqa.ms.util.helpers.math.PrimeTests"/>
  <testcase name="testStaticPrime" time="0.004" classname="com.sqa.ms.util.helpers.math.PrimeTests"/>
  <testcase name="testStaticPrime" time="0.004" classname="com.sqa.ms.util.helpers.math.PrimeTests"/>
  <testcase name="testStaticPrime" time="0.004" classname="com.sqa.ms.util.helpers.math.PrimeTests"/>
  <testcase name="testStaticPrime" time="0.005" classname="com.sqa.ms.util.helpers.math.PrimeTests"/>
  <testcase name="testInstancePrime" time="0.010" classname="com.sqa.ms.util.helpers.math.PrimeTests"/>
  <testcase name="testStaticPrime" time="0.002" classname="com.sqa.ms.util.helpers.math.PrimeTests"/>
  <testcase name="testStaticPrime" time="0.005" classname="com.sqa.ms.util.helpers.math.PrimeTests"/>
</testsuite> <!-- com.sqa.ms.util.helpers.math.PrimeTests -->
