<?xml version="1.0" encoding="UTF-8"?>
<!-- Generated by org.testng.reporters.JUnitReportReporter -->
<testsuite hostname="Madinas-Air" name="com.sqa.ms.LocatorTests" tests="2" failures="0" timestamp="22 Apr 2016 04:49:12 GMT" time="41.093" errors="0">
  <testcase name="test2" time="33.144" classname="com.sqa.ms.LocatorTests"/>
  <testcase name="test1" time="7.949" classname="com.sqa.ms.LocatorTests"/>
</testsuite> <!-- com.sqa.ms.LocatorTests -->
